<?xml version="1.0" encoding="UTF-8"?>
<!-- Generated by org.testng.reporters.JUnitReportReporter -->
<testsuite skipped="0" hostname="DESKTOP-0490QAV" name="Mavendemo2.com.MVNClass" tests="1" failures="0" timestamp="17 Feb 2019 07:17:44 GMT" time="2.972" errors="0">
  <testcase name="Loginwithvaliddetails" time="2.972" classname="Mavendemo2.com.MVNClass"/>
</testsuite> <!-- Mavendemo2.com.MVNClass -->
